[debug] [2025-08-26T13:37:26.515Z] ----------------------------------------------------------------------
[debug] [2025-08-26T13:37:26.517Z] Command:       C:\Program Files\nodejs\node.exe C:\Users\csgorkev\AppData\Roaming\npm\node_modules\firebase-tools\lib\bin\firebase.js emulators:start --only functions
[debug] [2025-08-26T13:37:26.518Z] CLI Version:   14.14.0
[debug] [2025-08-26T13:37:26.518Z] Platform:      win32
[debug] [2025-08-26T13:37:26.518Z] Node Version:  v22.18.0
[debug] [2025-08-26T13:37:26.518Z] Time:          Tue Aug 26 2025 15:37:26 GMT+0200 (Central European Summer Time)
[debug] [2025-08-26T13:37:26.518Z] ----------------------------------------------------------------------
[debug] 
[debug] [2025-08-26T13:37:26.723Z] > command requires scopes: ["email","openid","https://www.googleapis.com/auth/cloudplatformprojects.readonly","https://www.googleapis.com/auth/firebase","https://www.googleapis.com/auth/cloud-platform"]
[debug] [2025-08-26T13:37:26.723Z] > authorizing via signed-in user (sandort99@gmail.com)
[info] i  emulators: Starting emulators: functions {"metadata":{"emulator":{"name":"hub"},"message":"Starting emulators: functions"}}
[debug] [2025-08-26T13:37:26.736Z] [logging] Logging Emulator only supports listening on one address (127.0.0.1). Not listening on ::1
[debug] [2025-08-26T13:37:26.737Z] assigned listening specs for emulators {"user":{"hub":[{"address":"127.0.0.1","family":"IPv4","port":4400},{"address":"::1","family":"IPv6","port":4400}],"ui":[{"address":"127.0.0.1","family":"IPv4","port":4000},{"address":"::1","family":"IPv6","port":4000}],"logging":[{"address":"127.0.0.1","family":"IPv4","port":4500}]},"metadata":{"message":"assigned listening specs for emulators"}}
[debug] [2025-08-26T13:37:26.740Z] [hub] writing locator at C:\Users\csgorkev\AppData\Local\Temp\hub-ifinapok25.json
[debug] [2025-08-26T13:37:26.755Z] [functions] Functions Emulator only supports listening on one address (127.0.0.1). Not listening on ::1
[debug] [2025-08-26T13:37:26.755Z] [eventarc] Eventarc Emulator only supports listening on one address (127.0.0.1). Not listening on ::1
[debug] [2025-08-26T13:37:26.756Z] [tasks] Cloud Tasks Emulator only supports listening on one address (127.0.0.1). Not listening on ::1
[debug] [2025-08-26T13:37:26.756Z] late-assigned ports for functions and eventarc emulators {"user":{"hub":[{"address":"127.0.0.1","family":"IPv4","port":4400},{"address":"::1","family":"IPv6","port":4400}],"ui":[{"address":"127.0.0.1","family":"IPv4","port":4000},{"address":"::1","family":"IPv6","port":4000}],"logging":[{"address":"127.0.0.1","family":"IPv4","port":4500}],"functions":[{"address":"127.0.0.1","family":"IPv4","port":5001}],"eventarc":[{"address":"127.0.0.1","family":"IPv4","port":9299}],"tasks":[{"address":"127.0.0.1","family":"IPv4","port":9499}]},"metadata":{"message":"late-assigned ports for functions and eventarc emulators"}}
[warn] !  functions: The following emulators are not running, calls to these services from the Functions emulator will affect production: apphosting, auth, firestore, database, hosting, pubsub, storage, dataconnect {"metadata":{"emulator":{"name":"functions"},"message":"The following emulators are not running, calls to these services from the Functions emulator will affect production: \u001b[1mapphosting, auth, firestore, database, hosting, pubsub, storage, dataconnect\u001b[22m"}}
[debug] [2025-08-26T13:37:26.769Z] defaultcredentials: writing to file C:\Users\csgorkev\AppData\Roaming\firebase\sandort99_gmail_com_application_default_credentials.json
[debug] [2025-08-26T13:37:26.770Z] Setting GAC to C:\Users\csgorkev\AppData\Roaming\firebase\sandort99_gmail_com_application_default_credentials.json {"metadata":{"emulator":{"name":"functions"},"message":"Setting GAC to C:\\Users\\csgorkev\\AppData\\Roaming\\firebase\\sandort99_gmail_com_application_default_credentials.json"}}
[debug] [2025-08-26T13:37:26.771Z] Checked if tokens are valid: false, expires at: 1756212798935
[debug] [2025-08-26T13:37:26.771Z] Checked if tokens are valid: false, expires at: 1756212798935
[debug] [2025-08-26T13:37:26.771Z] > refreshing access token with scopes: []
[debug] [2025-08-26T13:37:26.773Z] >>> [apiv2][query] POST https://www.googleapis.com/oauth2/v3/token [none]
[debug] [2025-08-26T13:37:26.773Z] >>> [apiv2][body] POST https://www.googleapis.com/oauth2/v3/token [omitted]
[debug] [2025-08-26T13:37:26.927Z] <<< [apiv2][status] POST https://www.googleapis.com/oauth2/v3/token 200
[debug] [2025-08-26T13:37:26.927Z] <<< [apiv2][body] POST https://www.googleapis.com/oauth2/v3/token [omitted]
[debug] [2025-08-26T13:37:26.933Z] >>> [apiv2][query] GET https://firebase.googleapis.com/v1beta1/projects/ifinapok25/adminSdkConfig [none]
[debug] [2025-08-26T13:37:27.255Z] <<< [apiv2][status] GET https://firebase.googleapis.com/v1beta1/projects/ifinapok25/adminSdkConfig 200
[debug] [2025-08-26T13:37:27.255Z] <<< [apiv2][body] GET https://firebase.googleapis.com/v1beta1/projects/ifinapok25/adminSdkConfig {"projectId":"ifinapok25","storageBucket":"ifinapok25.firebasestorage.app"}
[info] i  functions: Watching "C:\Users\csgorkev\Desktop\Csendesnap2025\ifinapok25\ifinapok-functions" for Cloud Functions... {"metadata":{"emulator":{"name":"functions"},"message":"Watching \"C:\\Users\\csgorkev\\Desktop\\Csendesnap2025\\ifinapok25\\ifinapok-functions\" for Cloud Functions..."}}
[debug] [2025-08-26T13:37:27.280Z] Validating nodejs source
[debug] [2025-08-26T13:37:28.090Z] > [functions] package.json contents: {
  "name": "functions",
  "scripts": {
    "lint": "eslint --ext .js,.ts .",
    "build": "tsc",
    "build:watch": "tsc --watch",
    "serve": "npm run build && firebase emulators:start --only functions",
    "shell": "npm run build && firebase functions:shell",
    "start": "npm run shell",
    "deploy": "firebase deploy --only functions",
    "logs": "firebase functions:log"
  },
  "engines": {
    "node": "22"
  },
  "main": "lib/index.js",
  "dependencies": {
    "dotenv": "^17.2.1",
    "firebase-admin": "^12.6.0",
    "firebase-functions": "^6.0.1",
    "stripe": "^18.4.0"
  },
  "devDependencies": {
    "@types/stripe": "^8.0.416",
    "@typescript-eslint/eslint-plugin": "^5.12.0",
    "@typescript-eslint/parser": "^5.12.0",
    "eslint": "^8.9.0",
    "eslint-config-google": "^0.14.0",
    "eslint-plugin-import": "^2.25.4",
    "firebase-functions-test": "^3.1.0",
    "typescript": "^5.7.3"
  },
  "private": true
}
[debug] [2025-08-26T13:37:28.090Z] Building nodejs source
[debug] [2025-08-26T13:37:28.090Z] Failed to find version of module node: reached end of search path C:\Users\csgorkev\Desktop\Csendesnap2025\ifinapok25\ifinapok-functions\node_modules
[info] +  functions: Using node@22 from host. 
[info] i  functions: Loaded environment variables from .env. 
[debug] [2025-08-26T13:37:28.093Z] Could not find functions.yaml. Must use http discovery
[debug] [2025-08-26T13:37:28.101Z] Found firebase-functions binary at 'C:\Users\csgorkev\Desktop\Csendesnap2025\ifinapok25\ifinapok-functions\node_modules\.bin\firebase-functions'
[info] Serving at port 8160

[debug] [2025-08-26T13:37:28.683Z] Got response from /__/functions.yaml {"endpoints":{"helloWorld":{"availableMemoryMb":null,"timeoutSeconds":null,"minInstances":null,"maxInstances":10,"ingressSettings":null,"concurrency":null,"serviceAccountEmail":null,"vpc":null,"platform":"gcfv2","labels":{},"httpsTrigger":{},"entryPoint":"helloWorld"},"createCheckoutSession":{"availableMemoryMb":null,"timeoutSeconds":null,"minInstances":null,"maxInstances":10,"ingressSettings":null,"concurrency":null,"serviceAccountEmail":null,"vpc":null,"platform":"gcfv2","labels":{},"httpsTrigger":{},"entryPoint":"createCheckoutSession"}},"specVersion":"v1alpha1","requiredAPIs":[],"extensions":{}}
[info] +  functions: Loaded functions definitions from source: helloWorld, createCheckoutSession. {"metadata":{"emulator":{"name":"functions"},"message":"Loaded functions definitions from source: helloWorld, createCheckoutSession."}}
[info] +  functions[us-central1-helloWorld]: http function initialized (http://127.0.0.1:5001/ifinapok25/us-central1/helloWorld). {"metadata":{"emulator":{"name":"functions"},"message":"\u001b[1mhttp\u001b[22m function initialized (http://127.0.0.1:5001/ifinapok25/us-central1/helloWorld)."}}
[info] +  functions[us-central1-createCheckoutSession]: http function initialized (http://127.0.0.1:5001/ifinapok25/us-central1/createCheckoutSession). {"metadata":{"emulator":{"name":"functions"},"message":"\u001b[1mhttp\u001b[22m function initialized (http://127.0.0.1:5001/ifinapok25/us-central1/createCheckoutSession)."}}
[debug] [2025-08-26T13:37:32.724Z] Could not find VSCode notification endpoint: FetchError: request to http://localhost:40001/vscode/notify failed, reason: . If you are not running the Firebase Data Connect VSCode extension, this is expected and not an issue.
[info] 
┌─────────────────────────────────────────────────────────────┐
│ ✔  All emulators ready! It is now safe to connect your app. │
│ i  View Emulator UI at http://127.0.0.1:4000/               │
└─────────────────────────────────────────────────────────────┘

┌───────────┬────────────────┬─────────────────────────────────┐
│ Emulator  │ Host:Port      │ View in Emulator UI             │
├───────────┼────────────────┼─────────────────────────────────┤
│ Functions │ 127.0.0.1:5001 │ http://127.0.0.1:4000/functions │
└───────────┴────────────────┴─────────────────────────────────┘
  Emulator Hub host: 127.0.0.1 port: 4400
  Other reserved ports: 4500

Issues? Report them at https://github.com/firebase/firebase-tools/issues and attach the *-debug.log files.
 
[debug] [2025-08-26T13:37:36.425Z] [work-queue] {"queuedWork":["/ifinapok25/us-central1/createCheckoutSession-2025-08-26T13:37:36.425Z"],"queueLength":1,"runningWork":[],"workRunningCount":0}
[debug] [2025-08-26T13:37:36.425Z] [work-queue] {"queuedWork":[],"queueLength":0,"runningWork":["/ifinapok25/us-central1/createCheckoutSession-2025-08-26T13:37:36.425Z"],"workRunningCount":1}
[debug] [2025-08-26T13:37:36.425Z] Accepted request OPTIONS /ifinapok25/us-central1/createCheckoutSession --> us-central1-createCheckoutSession
[debug] [2025-08-26T13:37:36.426Z] [functions] Runtime ready! Sending request! {"metadata":{"emulator":{"name":"functions"},"message":"[functions] Runtime ready! Sending request!"}}
[debug] [2025-08-26T13:37:36.426Z] [functions] Got req.url=/ifinapok25/us-central1/createCheckoutSession, mapping to path=/ {"metadata":{"emulator":{"name":"functions"},"message":"[functions] Got req.url=/ifinapok25/us-central1/createCheckoutSession, mapping to path=/"}}
[info] i  functions: Loaded environment variables from .env. 
[debug] [2025-08-26T13:37:36.432Z] [worker-pool] addWorker(us-central1-createCheckoutSession) {"metadata":{"emulator":{"name":"functions"},"message":"[worker-pool] addWorker(us-central1-createCheckoutSession)"}}
[debug] [2025-08-26T13:37:36.433Z] [worker-pool] Adding worker with key us-central1-createCheckoutSession, total=1 {"metadata":{"emulator":{"name":"functions"},"message":"[worker-pool] Adding worker with key us-central1-createCheckoutSession, total=1"}}
[debug] [2025-08-26T13:37:37.341Z] [runtime-status] [15020] Resolved module firebase-admin {"declared":true,"installed":true,"version":"12.7.0","resolution":"C:\\Users\\csgorkev\\Desktop\\Csendesnap2025\\ifinapok25\\ifinapok-functions\\node_modules\\firebase-admin\\lib\\index.js"} {"metadata":{"emulator":{"name":"functions"},"function":{"name":"us-central1-createCheckoutSession"},"extension":{},"message":"[runtime-status] [15020] Resolved module firebase-admin {\"declared\":true,\"installed\":true,\"version\":\"12.7.0\",\"resolution\":\"C:\\\\Users\\\\csgorkev\\\\Desktop\\\\Csendesnap2025\\\\ifinapok25\\\\ifinapok-functions\\\\node_modules\\\\firebase-admin\\\\lib\\\\index.js\"}"}}
[debug] [2025-08-26T13:37:37.341Z] [runtime-status] [15020] Resolved module firebase-functions {"declared":true,"installed":true,"version":"6.4.0","resolution":"C:\\Users\\csgorkev\\Desktop\\Csendesnap2025\\ifinapok25\\ifinapok-functions\\node_modules\\firebase-functions\\lib\\v2\\index.js"} {"metadata":{"emulator":{"name":"functions"},"function":{"name":"us-central1-createCheckoutSession"},"extension":{},"message":"[runtime-status] [15020] Resolved module firebase-functions {\"declared\":true,\"installed\":true,\"version\":\"6.4.0\",\"resolution\":\"C:\\\\Users\\\\csgorkev\\\\Desktop\\\\Csendesnap2025\\\\ifinapok25\\\\ifinapok-functions\\\\node_modules\\\\firebase-functions\\\\lib\\\\v2\\\\index.js\"}"}}
[debug] [2025-08-26T13:37:37.341Z] [runtime-status] [15020] Outgoing network have been stubbed. [{"name":"http","status":"mocked"},{"name":"http","status":"mocked"},{"name":"https","status":"mocked"},{"name":"https","status":"mocked"},{"name":"net","status":"mocked"}] {"metadata":{"emulator":{"name":"functions"},"function":{"name":"us-central1-createCheckoutSession"},"extension":{},"message":"[runtime-status] [15020] Outgoing network have been stubbed. [{\"name\":\"http\",\"status\":\"mocked\"},{\"name\":\"http\",\"status\":\"mocked\"},{\"name\":\"https\",\"status\":\"mocked\"},{\"name\":\"https\",\"status\":\"mocked\"},{\"name\":\"net\",\"status\":\"mocked\"}]"}}
[debug] [2025-08-26T13:37:37.342Z] [runtime-status] [15020] Resolved module firebase-functions {"declared":true,"installed":true,"version":"6.4.0","resolution":"C:\\Users\\csgorkev\\Desktop\\Csendesnap2025\\ifinapok25\\ifinapok-functions\\node_modules\\firebase-functions\\lib\\v2\\index.js"} {"metadata":{"emulator":{"name":"functions"},"function":{"name":"us-central1-createCheckoutSession"},"extension":{},"message":"[runtime-status] [15020] Resolved module firebase-functions {\"declared\":true,\"installed\":true,\"version\":\"6.4.0\",\"resolution\":\"C:\\\\Users\\\\csgorkev\\\\Desktop\\\\Csendesnap2025\\\\ifinapok25\\\\ifinapok-functions\\\\node_modules\\\\firebase-functions\\\\lib\\\\v2\\\\index.js\"}"}}
[debug] [2025-08-26T13:37:37.625Z] [runtime-status] [15020] Checked functions.config() {"config":{}} {"metadata":{"emulator":{"name":"functions"},"function":{"name":"us-central1-createCheckoutSession"},"extension":{},"message":"[runtime-status] [15020] Checked functions.config() {\"config\":{}}"}}
[debug] [2025-08-26T13:37:37.625Z] [runtime-status] [15020] firebase-functions has been stubbed. {"functionsResolution":{"declared":true,"installed":true,"version":"6.4.0","resolution":"C:\\Users\\csgorkev\\Desktop\\Csendesnap2025\\ifinapok25\\ifinapok-functions\\node_modules\\firebase-functions\\lib\\v2\\index.js"}} {"metadata":{"emulator":{"name":"functions"},"function":{"name":"us-central1-createCheckoutSession"},"extension":{},"message":"[runtime-status] [15020] firebase-functions has been stubbed. {\"functionsResolution\":{\"declared\":true,\"installed\":true,\"version\":\"6.4.0\",\"resolution\":\"C:\\\\Users\\\\csgorkev\\\\Desktop\\\\Csendesnap2025\\\\ifinapok25\\\\ifinapok-functions\\\\node_modules\\\\firebase-functions\\\\lib\\\\v2\\\\index.js\"}}"}}
[debug] [2025-08-26T13:37:37.626Z] [runtime-status] [15020] Resolved module firebase-functions {"declared":true,"installed":true,"version":"6.4.0","resolution":"C:\\Users\\csgorkev\\Desktop\\Csendesnap2025\\ifinapok25\\ifinapok-functions\\node_modules\\firebase-functions\\lib\\v2\\index.js"} {"metadata":{"emulator":{"name":"functions"},"function":{"name":"us-central1-createCheckoutSession"},"extension":{},"message":"[runtime-status] [15020] Resolved module firebase-functions {\"declared\":true,\"installed\":true,\"version\":\"6.4.0\",\"resolution\":\"C:\\\\Users\\\\csgorkev\\\\Desktop\\\\Csendesnap2025\\\\ifinapok25\\\\ifinapok-functions\\\\node_modules\\\\firebase-functions\\\\lib\\\\v2\\\\index.js\"}"}}
[debug] [2025-08-26T13:37:37.630Z] [runtime-status] [15020] Resolved module firebase-admin {"declared":true,"installed":true,"version":"12.7.0","resolution":"C:\\Users\\csgorkev\\Desktop\\Csendesnap2025\\ifinapok25\\ifinapok-functions\\node_modules\\firebase-admin\\lib\\index.js"} {"metadata":{"emulator":{"name":"functions"},"function":{"name":"us-central1-createCheckoutSession"},"extension":{},"message":"[runtime-status] [15020] Resolved module firebase-admin {\"declared\":true,\"installed\":true,\"version\":\"12.7.0\",\"resolution\":\"C:\\\\Users\\\\csgorkev\\\\Desktop\\\\Csendesnap2025\\\\ifinapok25\\\\ifinapok-functions\\\\node_modules\\\\firebase-admin\\\\lib\\\\index.js\"}"}}
[debug] [2025-08-26T13:37:37.632Z] [runtime-status] [15020] Resolved module firebase-functions {"declared":true,"installed":true,"version":"6.4.0","resolution":"C:\\Users\\csgorkev\\Desktop\\Csendesnap2025\\ifinapok25\\ifinapok-functions\\node_modules\\firebase-functions\\lib\\v2\\index.js"} {"metadata":{"emulator":{"name":"functions"},"function":{"name":"us-central1-createCheckoutSession"},"extension":{},"message":"[runtime-status] [15020] Resolved module firebase-functions {\"declared\":true,\"installed\":true,\"version\":\"6.4.0\",\"resolution\":\"C:\\\\Users\\\\csgorkev\\\\Desktop\\\\Csendesnap2025\\\\ifinapok25\\\\ifinapok-functions\\\\node_modules\\\\firebase-functions\\\\lib\\\\v2\\\\index.js\"}"}}
[debug] [2025-08-26T13:37:37.632Z] [runtime-status] [15020] firebase-admin has been stubbed. {"adminResolution":{"declared":true,"installed":true,"version":"12.7.0","resolution":"C:\\Users\\csgorkev\\Desktop\\Csendesnap2025\\ifinapok25\\ifinapok-functions\\node_modules\\firebase-admin\\lib\\index.js"}} {"metadata":{"emulator":{"name":"functions"},"function":{"name":"us-central1-createCheckoutSession"},"extension":{},"message":"[runtime-status] [15020] firebase-admin has been stubbed. {\"adminResolution\":{\"declared\":true,\"installed\":true,\"version\":\"12.7.0\",\"resolution\":\"C:\\\\Users\\\\csgorkev\\\\Desktop\\\\Csendesnap2025\\\\ifinapok25\\\\ifinapok-functions\\\\node_modules\\\\firebase-admin\\\\lib\\\\index.js\"}}"}}
[debug] [2025-08-26T13:37:37.726Z] [runtime-status] [15020] Functions runtime initialized. {"cwd":"C:\\Users\\csgorkev\\Desktop\\Csendesnap2025\\ifinapok25\\ifinapok-functions","node_version":"22.18.0"} {"metadata":{"emulator":{"name":"functions"},"function":{"name":"us-central1-createCheckoutSession"},"extension":{},"message":"[runtime-status] [15020] Functions runtime initialized. {\"cwd\":\"C:\\\\Users\\\\csgorkev\\\\Desktop\\\\Csendesnap2025\\\\ifinapok25\\\\ifinapok-functions\",\"node_version\":\"22.18.0\"}"}}
[debug] [2025-08-26T13:37:37.726Z] [runtime-status] [15020] Listening to port: \\?\pipe\fire_emu_3e139221c6e77a08 {"metadata":{"emulator":{"name":"functions"},"function":{"name":"us-central1-createCheckoutSession"},"extension":{},"message":"[runtime-status] [15020] Listening to port: \\\\?\\pipe\\fire_emu_3e139221c6e77a08"}}
[debug] [2025-08-26T13:37:37.809Z] [worker-us-central1-createCheckoutSession-13c73476-1f66-4e09-aa34-82a5e3019dcd]: IDLE {"metadata":{"emulator":{"name":"functions"},"function":{"name":"us-central1-createCheckoutSession"},"extension":{},"message":"[worker-us-central1-createCheckoutSession-13c73476-1f66-4e09-aa34-82a5e3019dcd]: IDLE"}}
[debug] [2025-08-26T13:37:37.809Z] [worker-pool] submitRequest(triggerId=us-central1-createCheckoutSession) {"metadata":{"emulator":{"name":"functions"},"message":"[worker-pool] submitRequest(triggerId=us-central1-createCheckoutSession)"}}
[info] i  functions: Beginning execution of "us-central1-createCheckoutSession" {"metadata":{"emulator":{"name":"functions"},"function":{"name":"us-central1-createCheckoutSession"},"extension":{},"message":"Beginning execution of \"us-central1-createCheckoutSession\""}}
[debug] [2025-08-26T13:37:37.810Z] [worker-us-central1-createCheckoutSession-13c73476-1f66-4e09-aa34-82a5e3019dcd]: BUSY {"metadata":{"emulator":{"name":"functions"},"function":{"name":"us-central1-createCheckoutSession"},"extension":{},"message":"[worker-us-central1-createCheckoutSession-13c73476-1f66-4e09-aa34-82a5e3019dcd]: BUSY"}}
[debug] [2025-08-26T13:37:37.813Z] Finishing up request with event=pause {"metadata":{"emulator":{"name":"functions"},"function":{"name":"us-central1-createCheckoutSession"},"extension":{},"message":"Finishing up request with event=pause"}}
[info] i  functions: Finished "us-central1-createCheckoutSession" in 3.6893ms {"metadata":{"emulator":{"name":"functions"},"function":{"name":"us-central1-createCheckoutSession"},"extension":{},"message":"Finished \"us-central1-createCheckoutSession\" in 3.6893ms"}}
[debug] [2025-08-26T13:37:37.814Z] [worker-us-central1-createCheckoutSession-13c73476-1f66-4e09-aa34-82a5e3019dcd]: IDLE {"metadata":{"emulator":{"name":"functions"},"function":{"name":"us-central1-createCheckoutSession"},"extension":{},"message":"[worker-us-central1-createCheckoutSession-13c73476-1f66-4e09-aa34-82a5e3019dcd]: IDLE"}}
[debug] [2025-08-26T13:37:37.814Z] Finishing up request with event=finish {"metadata":{"emulator":{"name":"functions"},"function":{"name":"us-central1-createCheckoutSession"},"extension":{},"message":"Finishing up request with event=finish"}}
[debug] [2025-08-26T13:37:37.814Z] Finishing up request with event=close {"metadata":{"emulator":{"name":"functions"},"function":{"name":"us-central1-createCheckoutSession"},"extension":{},"message":"Finishing up request with event=close"}}
[debug] [2025-08-26T13:37:37.814Z] [work-queue] {"queuedWork":[],"queueLength":0,"runningWork":[],"workRunningCount":0}
[debug] [2025-08-26T13:37:37.815Z] [work-queue] {"queuedWork":["/ifinapok25/us-central1/createCheckoutSession-2025-08-26T13:37:37.815Z"],"queueLength":1,"runningWork":[],"workRunningCount":0}
[debug] [2025-08-26T13:37:37.815Z] [work-queue] {"queuedWork":[],"queueLength":0,"runningWork":["/ifinapok25/us-central1/createCheckoutSession-2025-08-26T13:37:37.815Z"],"workRunningCount":1}
[debug] [2025-08-26T13:37:37.815Z] Accepted request POST /ifinapok25/us-central1/createCheckoutSession --> us-central1-createCheckoutSession
[debug] [2025-08-26T13:37:37.815Z] [functions] Runtime ready! Sending request! {"metadata":{"emulator":{"name":"functions"},"message":"[functions] Runtime ready! Sending request!"}}
[debug] [2025-08-26T13:37:37.815Z] [functions] Got req.url=/ifinapok25/us-central1/createCheckoutSession, mapping to path=/ {"metadata":{"emulator":{"name":"functions"},"message":"[functions] Got req.url=/ifinapok25/us-central1/createCheckoutSession, mapping to path=/"}}
[debug] [2025-08-26T13:37:37.816Z] [worker-pool] submitRequest(triggerId=us-central1-createCheckoutSession) {"metadata":{"emulator":{"name":"functions"},"message":"[worker-pool] submitRequest(triggerId=us-central1-createCheckoutSession)"}}
[info] i  functions: Beginning execution of "us-central1-createCheckoutSession" {"metadata":{"emulator":{"name":"functions"},"function":{"name":"us-central1-createCheckoutSession"},"extension":{},"message":"Beginning execution of \"us-central1-createCheckoutSession\""}}
[debug] [2025-08-26T13:37:37.816Z] [worker-us-central1-createCheckoutSession-13c73476-1f66-4e09-aa34-82a5e3019dcd]: BUSY {"metadata":{"emulator":{"name":"functions"},"function":{"name":"us-central1-createCheckoutSession"},"extension":{},"message":"[worker-us-central1-createCheckoutSession-13c73476-1f66-4e09-aa34-82a5e3019dcd]: BUSY"}}
[debug] [2025-08-26T13:37:38.382Z] Finishing up request with event=pause {"metadata":{"emulator":{"name":"functions"},"function":{"name":"us-central1-createCheckoutSession"},"extension":{},"message":"Finishing up request with event=pause"}}
[info] i  functions: Finished "us-central1-createCheckoutSession" in 566.5143ms {"metadata":{"emulator":{"name":"functions"},"function":{"name":"us-central1-createCheckoutSession"},"extension":{},"message":"Finished \"us-central1-createCheckoutSession\" in 566.5143ms"}}
[debug] [2025-08-26T13:37:38.383Z] [worker-us-central1-createCheckoutSession-13c73476-1f66-4e09-aa34-82a5e3019dcd]: IDLE {"metadata":{"emulator":{"name":"functions"},"function":{"name":"us-central1-createCheckoutSession"},"extension":{},"message":"[worker-us-central1-createCheckoutSession-13c73476-1f66-4e09-aa34-82a5e3019dcd]: IDLE"}}
[debug] [2025-08-26T13:37:38.383Z] Finishing up request with event=finish {"metadata":{"emulator":{"name":"functions"},"function":{"name":"us-central1-createCheckoutSession"},"extension":{},"message":"Finishing up request with event=finish"}}
[debug] [2025-08-26T13:37:38.383Z] Finishing up request with event=close {"metadata":{"emulator":{"name":"functions"},"function":{"name":"us-central1-createCheckoutSession"},"extension":{},"message":"Finishing up request with event=close"}}
[debug] [2025-08-26T13:37:38.383Z] [work-queue] {"queuedWork":[],"queueLength":0,"runningWork":[],"workRunningCount":0}
[debug] [2025-08-26T13:37:48.501Z] [work-queue] {"queuedWork":["/ifinapok25/us-central1/createCheckoutSession-2025-08-26T13:37:48.501Z"],"queueLength":1,"runningWork":[],"workRunningCount":0}
[debug] [2025-08-26T13:37:48.501Z] [work-queue] {"queuedWork":[],"queueLength":0,"runningWork":["/ifinapok25/us-central1/createCheckoutSession-2025-08-26T13:37:48.501Z"],"workRunningCount":1}
[debug] [2025-08-26T13:37:48.501Z] Accepted request OPTIONS /ifinapok25/us-central1/createCheckoutSession --> us-central1-createCheckoutSession
[debug] [2025-08-26T13:37:48.501Z] [functions] Runtime ready! Sending request! {"metadata":{"emulator":{"name":"functions"},"message":"[functions] Runtime ready! Sending request!"}}
[debug] [2025-08-26T13:37:48.502Z] [functions] Got req.url=/ifinapok25/us-central1/createCheckoutSession, mapping to path=/ {"metadata":{"emulator":{"name":"functions"},"message":"[functions] Got req.url=/ifinapok25/us-central1/createCheckoutSession, mapping to path=/"}}
[debug] [2025-08-26T13:37:48.502Z] [worker-pool] submitRequest(triggerId=us-central1-createCheckoutSession) {"metadata":{"emulator":{"name":"functions"},"message":"[worker-pool] submitRequest(triggerId=us-central1-createCheckoutSession)"}}
[info] i  functions: Beginning execution of "us-central1-createCheckoutSession" {"metadata":{"emulator":{"name":"functions"},"function":{"name":"us-central1-createCheckoutSession"},"extension":{},"message":"Beginning execution of \"us-central1-createCheckoutSession\""}}
[debug] [2025-08-26T13:37:48.502Z] [worker-us-central1-createCheckoutSession-13c73476-1f66-4e09-aa34-82a5e3019dcd]: BUSY {"metadata":{"emulator":{"name":"functions"},"function":{"name":"us-central1-createCheckoutSession"},"extension":{},"message":"[worker-us-central1-createCheckoutSession-13c73476-1f66-4e09-aa34-82a5e3019dcd]: BUSY"}}
[debug] [2025-08-26T13:37:48.504Z] Finishing up request with event=pause {"metadata":{"emulator":{"name":"functions"},"function":{"name":"us-central1-createCheckoutSession"},"extension":{},"message":"Finishing up request with event=pause"}}
[info] i  functions: Finished "us-central1-createCheckoutSession" in 2.4044ms {"metadata":{"emulator":{"name":"functions"},"function":{"name":"us-central1-createCheckoutSession"},"extension":{},"message":"Finished \"us-central1-createCheckoutSession\" in 2.4044ms"}}
[debug] [2025-08-26T13:37:48.505Z] [worker-us-central1-createCheckoutSession-13c73476-1f66-4e09-aa34-82a5e3019dcd]: IDLE {"metadata":{"emulator":{"name":"functions"},"function":{"name":"us-central1-createCheckoutSession"},"extension":{},"message":"[worker-us-central1-createCheckoutSession-13c73476-1f66-4e09-aa34-82a5e3019dcd]: IDLE"}}
[debug] [2025-08-26T13:37:48.505Z] Finishing up request with event=finish {"metadata":{"emulator":{"name":"functions"},"function":{"name":"us-central1-createCheckoutSession"},"extension":{},"message":"Finishing up request with event=finish"}}
[debug] [2025-08-26T13:37:48.505Z] Finishing up request with event=close {"metadata":{"emulator":{"name":"functions"},"function":{"name":"us-central1-createCheckoutSession"},"extension":{},"message":"Finishing up request with event=close"}}
[debug] [2025-08-26T13:37:48.505Z] [work-queue] {"queuedWork":[],"queueLength":0,"runningWork":[],"workRunningCount":0}
[debug] [2025-08-26T13:37:48.506Z] [work-queue] {"queuedWork":["/ifinapok25/us-central1/createCheckoutSession-2025-08-26T13:37:48.506Z"],"queueLength":1,"runningWork":[],"workRunningCount":0}
[debug] [2025-08-26T13:37:48.506Z] [work-queue] {"queuedWork":[],"queueLength":0,"runningWork":["/ifinapok25/us-central1/createCheckoutSession-2025-08-26T13:37:48.506Z"],"workRunningCount":1}
[debug] [2025-08-26T13:37:48.506Z] Accepted request POST /ifinapok25/us-central1/createCheckoutSession --> us-central1-createCheckoutSession
[debug] [2025-08-26T13:37:48.506Z] [functions] Runtime ready! Sending request! {"metadata":{"emulator":{"name":"functions"},"message":"[functions] Runtime ready! Sending request!"}}
[debug] [2025-08-26T13:37:48.507Z] [functions] Got req.url=/ifinapok25/us-central1/createCheckoutSession, mapping to path=/ {"metadata":{"emulator":{"name":"functions"},"message":"[functions] Got req.url=/ifinapok25/us-central1/createCheckoutSession, mapping to path=/"}}
[debug] [2025-08-26T13:37:48.507Z] [worker-pool] submitRequest(triggerId=us-central1-createCheckoutSession) {"metadata":{"emulator":{"name":"functions"},"message":"[worker-pool] submitRequest(triggerId=us-central1-createCheckoutSession)"}}
[info] i  functions: Beginning execution of "us-central1-createCheckoutSession" {"metadata":{"emulator":{"name":"functions"},"function":{"name":"us-central1-createCheckoutSession"},"extension":{},"message":"Beginning execution of \"us-central1-createCheckoutSession\""}}
[debug] [2025-08-26T13:37:48.507Z] [worker-us-central1-createCheckoutSession-13c73476-1f66-4e09-aa34-82a5e3019dcd]: BUSY {"metadata":{"emulator":{"name":"functions"},"function":{"name":"us-central1-createCheckoutSession"},"extension":{},"message":"[worker-us-central1-createCheckoutSession-13c73476-1f66-4e09-aa34-82a5e3019dcd]: BUSY"}}
[debug] [2025-08-26T13:37:48.834Z] Finishing up request with event=pause {"metadata":{"emulator":{"name":"functions"},"function":{"name":"us-central1-createCheckoutSession"},"extension":{},"message":"Finishing up request with event=pause"}}
[info] i  functions: Finished "us-central1-createCheckoutSession" in 327.5555ms {"metadata":{"emulator":{"name":"functions"},"function":{"name":"us-central1-createCheckoutSession"},"extension":{},"message":"Finished \"us-central1-createCheckoutSession\" in 327.5555ms"}}
[debug] [2025-08-26T13:37:48.835Z] [worker-us-central1-createCheckoutSession-13c73476-1f66-4e09-aa34-82a5e3019dcd]: IDLE {"metadata":{"emulator":{"name":"functions"},"function":{"name":"us-central1-createCheckoutSession"},"extension":{},"message":"[worker-us-central1-createCheckoutSession-13c73476-1f66-4e09-aa34-82a5e3019dcd]: IDLE"}}
[debug] [2025-08-26T13:37:48.835Z] Finishing up request with event=finish {"metadata":{"emulator":{"name":"functions"},"function":{"name":"us-central1-createCheckoutSession"},"extension":{},"message":"Finishing up request with event=finish"}}
[debug] [2025-08-26T13:37:48.835Z] Finishing up request with event=close {"metadata":{"emulator":{"name":"functions"},"function":{"name":"us-central1-createCheckoutSession"},"extension":{},"message":"Finishing up request with event=close"}}
[debug] [2025-08-26T13:37:48.835Z] [work-queue] {"queuedWork":[],"queueLength":0,"runningWork":[],"workRunningCount":0}
[debug] [2025-08-26T14:07:16.389Z] [work-queue] {"queuedWork":["/ifinapok25/us-central1/createCheckoutSession-2025-08-26T14:07:16.389Z"],"queueLength":1,"runningWork":[],"workRunningCount":0}
[debug] [2025-08-26T14:07:16.389Z] [work-queue] {"queuedWork":[],"queueLength":0,"runningWork":["/ifinapok25/us-central1/createCheckoutSession-2025-08-26T14:07:16.389Z"],"workRunningCount":1}
[debug] [2025-08-26T14:07:16.389Z] Accepted request OPTIONS /ifinapok25/us-central1/createCheckoutSession --> us-central1-createCheckoutSession
[debug] [2025-08-26T14:07:16.389Z] [functions] Runtime ready! Sending request! {"metadata":{"emulator":{"name":"functions"},"message":"[functions] Runtime ready! Sending request!"}}
[debug] [2025-08-26T14:07:16.390Z] [functions] Got req.url=/ifinapok25/us-central1/createCheckoutSession, mapping to path=/ {"metadata":{"emulator":{"name":"functions"},"message":"[functions] Got req.url=/ifinapok25/us-central1/createCheckoutSession, mapping to path=/"}}
[debug] [2025-08-26T14:07:16.390Z] [worker-pool] submitRequest(triggerId=us-central1-createCheckoutSession) {"metadata":{"emulator":{"name":"functions"},"message":"[worker-pool] submitRequest(triggerId=us-central1-createCheckoutSession)"}}
[info] i  functions: Beginning execution of "us-central1-createCheckoutSession" {"metadata":{"emulator":{"name":"functions"},"function":{"name":"us-central1-createCheckoutSession"},"extension":{},"message":"Beginning execution of \"us-central1-createCheckoutSession\""}}
[debug] [2025-08-26T14:07:16.390Z] [worker-us-central1-createCheckoutSession-13c73476-1f66-4e09-aa34-82a5e3019dcd]: BUSY {"metadata":{"emulator":{"name":"functions"},"function":{"name":"us-central1-createCheckoutSession"},"extension":{},"message":"[worker-us-central1-createCheckoutSession-13c73476-1f66-4e09-aa34-82a5e3019dcd]: BUSY"}}
[debug] [2025-08-26T14:07:16.393Z] Finishing up request with event=pause {"metadata":{"emulator":{"name":"functions"},"function":{"name":"us-central1-createCheckoutSession"},"extension":{},"message":"Finishing up request with event=pause"}}
[info] i  functions: Finished "us-central1-createCheckoutSession" in 2.5972ms {"metadata":{"emulator":{"name":"functions"},"function":{"name":"us-central1-createCheckoutSession"},"extension":{},"message":"Finished \"us-central1-createCheckoutSession\" in 2.5972ms"}}
[debug] [2025-08-26T14:07:16.394Z] [worker-us-central1-createCheckoutSession-13c73476-1f66-4e09-aa34-82a5e3019dcd]: IDLE {"metadata":{"emulator":{"name":"functions"},"function":{"name":"us-central1-createCheckoutSession"},"extension":{},"message":"[worker-us-central1-createCheckoutSession-13c73476-1f66-4e09-aa34-82a5e3019dcd]: IDLE"}}
[debug] [2025-08-26T14:07:16.394Z] Finishing up request with event=finish {"metadata":{"emulator":{"name":"functions"},"function":{"name":"us-central1-createCheckoutSession"},"extension":{},"message":"Finishing up request with event=finish"}}
[debug] [2025-08-26T14:07:16.394Z] Finishing up request with event=close {"metadata":{"emulator":{"name":"functions"},"function":{"name":"us-central1-createCheckoutSession"},"extension":{},"message":"Finishing up request with event=close"}}
[debug] [2025-08-26T14:07:16.394Z] [work-queue] {"queuedWork":[],"queueLength":0,"runningWork":[],"workRunningCount":0}
[debug] [2025-08-26T14:07:16.395Z] [work-queue] {"queuedWork":["/ifinapok25/us-central1/createCheckoutSession-2025-08-26T14:07:16.395Z"],"queueLength":1,"runningWork":[],"workRunningCount":0}
[debug] [2025-08-26T14:07:16.395Z] [work-queue] {"queuedWork":[],"queueLength":0,"runningWork":["/ifinapok25/us-central1/createCheckoutSession-2025-08-26T14:07:16.395Z"],"workRunningCount":1}
[debug] [2025-08-26T14:07:16.395Z] Accepted request POST /ifinapok25/us-central1/createCheckoutSession --> us-central1-createCheckoutSession
[debug] [2025-08-26T14:07:16.395Z] [functions] Runtime ready! Sending request! {"metadata":{"emulator":{"name":"functions"},"message":"[functions] Runtime ready! Sending request!"}}
[debug] [2025-08-26T14:07:16.395Z] [functions] Got req.url=/ifinapok25/us-central1/createCheckoutSession, mapping to path=/ {"metadata":{"emulator":{"name":"functions"},"message":"[functions] Got req.url=/ifinapok25/us-central1/createCheckoutSession, mapping to path=/"}}
[debug] [2025-08-26T14:07:16.395Z] [worker-pool] submitRequest(triggerId=us-central1-createCheckoutSession) {"metadata":{"emulator":{"name":"functions"},"message":"[worker-pool] submitRequest(triggerId=us-central1-createCheckoutSession)"}}
[info] i  functions: Beginning execution of "us-central1-createCheckoutSession" {"metadata":{"emulator":{"name":"functions"},"function":{"name":"us-central1-createCheckoutSession"},"extension":{},"message":"Beginning execution of \"us-central1-createCheckoutSession\""}}
[debug] [2025-08-26T14:07:16.396Z] [worker-us-central1-createCheckoutSession-13c73476-1f66-4e09-aa34-82a5e3019dcd]: BUSY {"metadata":{"emulator":{"name":"functions"},"function":{"name":"us-central1-createCheckoutSession"},"extension":{},"message":"[worker-us-central1-createCheckoutSession-13c73476-1f66-4e09-aa34-82a5e3019dcd]: BUSY"}}
[debug] [2025-08-26T14:07:16.903Z] Finishing up request with event=pause {"metadata":{"emulator":{"name":"functions"},"function":{"name":"us-central1-createCheckoutSession"},"extension":{},"message":"Finishing up request with event=pause"}}
[info] i  functions: Finished "us-central1-createCheckoutSession" in 507.8824ms {"metadata":{"emulator":{"name":"functions"},"function":{"name":"us-central1-createCheckoutSession"},"extension":{},"message":"Finished \"us-central1-createCheckoutSession\" in 507.8824ms"}}
[debug] [2025-08-26T14:07:16.904Z] [worker-us-central1-createCheckoutSession-13c73476-1f66-4e09-aa34-82a5e3019dcd]: IDLE {"metadata":{"emulator":{"name":"functions"},"function":{"name":"us-central1-createCheckoutSession"},"extension":{},"message":"[worker-us-central1-createCheckoutSession-13c73476-1f66-4e09-aa34-82a5e3019dcd]: IDLE"}}
[debug] [2025-08-26T14:07:16.904Z] Finishing up request with event=finish {"metadata":{"emulator":{"name":"functions"},"function":{"name":"us-central1-createCheckoutSession"},"extension":{},"message":"Finishing up request with event=finish"}}
[debug] [2025-08-26T14:07:16.904Z] Finishing up request with event=close {"metadata":{"emulator":{"name":"functions"},"function":{"name":"us-central1-createCheckoutSession"},"extension":{},"message":"Finishing up request with event=close"}}
[debug] [2025-08-26T14:07:16.904Z] [work-queue] {"queuedWork":[],"queueLength":0,"runningWork":[],"workRunningCount":0}
